This is pdfTeX, Version 3.14159265-2.6-1.40.15 (TeX Live 2014) (preloaded format=pdflatex 2015.2.20)  9 OCT 2015 23:42
entering extended mode
 restricted \write18 enabled.
 %&-line parsing enabled.
**resume.tex
(./resume.tex
LaTeX2e <2014/05/01>
Babel <3.9k> and hyphenation patterns for 21 languages loaded.
(./resume.cls
Document Class: resume 
(/usr/local/texlive/2014basic/texmf-dist/tex/latex/base/article.cls
Document Class: article 2007/10/19 v1.4h Standard LaTeX document class
(/usr/local/texlive/2014basic/texmf-dist/tex/latex/base/size10.clo
File: size10.clo 2007/10/19 v1.4h Standard LaTeX file (size option)
)
\c@part=\count79
\c@section=\count80
\c@subsection=\count81
\c@subsubsection=\count82
\c@paragraph=\count83
\c@subparagraph=\count84
\c@figure=\count85
\c@table=\count86
\abovecaptionskip=\skip41
\belowcaptionskip=\skip42
\bibindent=\dimen102
)
(/usr/local/texlive/2014basic/texmf-dist/tex/latex/tools/calc.sty
Package: calc 2007/08/22 v4.3 Infix arithmetic (KKT,FJ)
\calc@Acount=\count87
\calc@Bcount=\count88
\calc@Adimen=\dimen103
\calc@Bdimen=\dimen104
\calc@Askip=\skip43
\calc@Bskip=\skip44
LaTeX Info: Redefining \setlength on input line 75.
LaTeX Info: Redefining \addtolength on input line 76.
\calc@Ccount=\count89
\calc@Cskip=\skip45
)
(/usr/local/texlive/2014basic/texmf-dist/tex/latex/base/ifthen.sty
Package: ifthen 2001/05/26 v1.1c Standard LaTeX ifthen package (DPC)
)
(/usr/local/texlive/2014basic/texmf-dist/tex/latex/url/url.sty
\Urlmuskip=\muskip10
Package: url 2013/09/16  ver 3.4  Verb mode for urls, etc.
)
(/usr/local/texlive/2014basic/texmf-dist/tex/latex/tools/tabularx.sty
Package: tabularx 2014/05/13 v2.10 `tabularx' package (DPC)

(/usr/local/texlive/2014basic/texmf-dist/tex/latex/tools/array.sty
Package: array 2008/09/09 v2.4c Tabular extension package (FMi)
\col@sep=\dimen105
\extrarowheight=\dimen106
\NC@list=\toks14
\extratabsurround=\skip46
\backup@length=\skip47
)
\TX@col@width=\dimen107
\TX@old@table=\dimen108
\TX@old@col=\dimen109
\TX@target=\dimen110
\TX@delta=\dimen111
\TX@cols=\count90
\TX@ftn=\toks15
)
(/usr/local/texlive/2014basic/texmf-dist/tex/latex/pgf/basiclayer/pgf.sty
(/usr/local/texlive/2014basic/texmf-dist/tex/latex/pgf/utilities/pgfrcs.sty
(/usr/local/texlive/2014basic/texmf-dist/tex/generic/pgf/utilities/pgfutil-comm
on.tex
\pgfutil@everybye=\toks16
\pgfutil@tempdima=\dimen112
\pgfutil@tempdimb=\dimen113

(/usr/local/texlive/2014basic/texmf-dist/tex/generic/pgf/utilities/pgfutil-comm
on-lists.tex))
(/usr/local/texlive/2014basic/texmf-dist/tex/generic/pgf/utilities/pgfutil-late
x.def
\pgfutil@abb=\box26
 (/usr/local/texlive/2014basic/texmf-dist/tex/latex/ms/everyshi.sty
Package: everyshi 2001/05/15 v3.00 EveryShipout Package (MS)
))
(/usr/local/texlive/2014basic/texmf-dist/tex/generic/pgf/utilities/pgfrcs.code.
tex
Package: pgfrcs 2013/12/20 v3.0.0 (rcs-revision 1.28)
))
Package: pgf 2013/12/18 v3.0.0 (rcs-revision 1.14)

(/usr/local/texlive/2014basic/texmf-dist/tex/latex/pgf/basiclayer/pgfcore.sty
(/usr/local/texlive/2014basic/texmf-dist/tex/latex/graphics/graphicx.sty
Package: graphicx 2014/04/25 v1.0g Enhanced LaTeX Graphics (DPC,SPQR)

(/usr/local/texlive/2014basic/texmf-dist/tex/latex/graphics/keyval.sty
Package: keyval 2014/05/08 v1.15 key=value parser (DPC)
\KV@toks@=\toks17
)
(/usr/local/texlive/2014basic/texmf-dist/tex/latex/graphics/graphics.sty
Package: graphics 2009/02/05 v1.0o Standard LaTeX Graphics (DPC,SPQR)

(/usr/local/texlive/2014basic/texmf-dist/tex/latex/graphics/trig.sty
Package: trig 1999/03/16 v1.09 sin cos tan (DPC)
)
(/usr/local/texlive/2014basic/texmf-dist/tex/latex/latexconfig/graphics.cfg
File: graphics.cfg 2010/04/23 v1.9 graphics configuration of TeX Live
)
Package graphics Info: Driver file: pdftex.def on input line 91.

(/usr/local/texlive/2014basic/texmf-dist/tex/latex/pdftex-def/pdftex.def
File: pdftex.def 2011/05/27 v0.06d Graphics/color for pdfTeX

(/usr/local/texlive/2014basic/texmf-dist/tex/generic/oberdiek/infwarerr.sty
Package: infwarerr 2010/04/08 v1.3 Providing info/warning/error messages (HO)
)
(/usr/local/texlive/2014basic/texmf-dist/tex/generic/oberdiek/ltxcmds.sty
Package: ltxcmds 2011/11/09 v1.22 LaTeX kernel commands for general use (HO)
)
\Gread@gobject=\count91
))
\Gin@req@height=\dimen114
\Gin@req@width=\dimen115
)
(/usr/local/texlive/2014basic/texmf-dist/tex/latex/pgf/systemlayer/pgfsys.sty
(/usr/local/texlive/2014basic/texmf-dist/tex/generic/pgf/systemlayer/pgfsys.cod
e.tex
Package: pgfsys 2013/11/30 v3.0.0 (rcs-revision 1.47)

(/usr/local/texlive/2014basic/texmf-dist/tex/generic/pgf/utilities/pgfkeys.code
.tex
\pgfkeys@pathtoks=\toks18
\pgfkeys@temptoks=\toks19

(/usr/local/texlive/2014basic/texmf-dist/tex/generic/pgf/utilities/pgfkeysfilte
red.code.tex
\pgfkeys@tmptoks=\toks20
))
\pgf@x=\dimen116
\pgf@y=\dimen117
\pgf@xa=\dimen118
\pgf@ya=\dimen119
\pgf@xb=\dimen120
\pgf@yb=\dimen121
\pgf@xc=\dimen122
\pgf@yc=\dimen123
\w@pgf@writea=\write3
\r@pgf@reada=\read1
\c@pgf@counta=\count92
\c@pgf@countb=\count93
\c@pgf@countc=\count94
\c@pgf@countd=\count95
\t@pgf@toka=\toks21
\t@pgf@tokb=\toks22
\t@pgf@tokc=\toks23

(/usr/local/texlive/2014basic/texmf-dist/tex/generic/pgf/systemlayer/pgf.cfg
File: pgf.cfg 2008/05/14  (rcs-revision 1.7)
)
Driver file for pgf: pgfsys-pdftex.def

(/usr/local/texlive/2014basic/texmf-dist/tex/generic/pgf/systemlayer/pgfsys-pdf
tex.def
File: pgfsys-pdftex.def 2013/07/18  (rcs-revision 1.33)

(/usr/local/texlive/2014basic/texmf-dist/tex/generic/pgf/systemlayer/pgfsys-com
mon-pdf.def
File: pgfsys-common-pdf.def 2013/10/10  (rcs-revision 1.13)
)))
(/usr/local/texlive/2014basic/texmf-dist/tex/generic/pgf/systemlayer/pgfsyssoft
path.code.tex
File: pgfsyssoftpath.code.tex 2013/09/09  (rcs-revision 1.9)
\pgfsyssoftpath@smallbuffer@items=\count96
\pgfsyssoftpath@bigbuffer@items=\count97
)
(/usr/local/texlive/2014basic/texmf-dist/tex/generic/pgf/systemlayer/pgfsysprot
ocol.code.tex
File: pgfsysprotocol.code.tex 2006/10/16  (rcs-revision 1.4)
))
(/usr/local/texlive/2014basic/texmf-dist/tex/latex/xcolor/xcolor.sty
Package: xcolor 2007/01/21 v2.11 LaTeX color extensions (UK)

(/usr/local/texlive/2014basic/texmf-dist/tex/latex/latexconfig/color.cfg
File: color.cfg 2007/01/18 v1.5 color configuration of teTeX/TeXLive
)
Package xcolor Info: Driver file: pdftex.def on input line 225.
Package xcolor Info: Model `cmy' substituted by `cmy0' on input line 1337.
Package xcolor Info: Model `hsb' substituted by `rgb' on input line 1341.
Package xcolor Info: Model `RGB' extended on input line 1353.
Package xcolor Info: Model `HTML' substituted by `rgb' on input line 1355.
Package xcolor Info: Model `Hsb' substituted by `hsb' on input line 1356.
Package xcolor Info: Model `tHsb' substituted by `hsb' on input line 1357.
Package xcolor Info: Model `HSB' substituted by `hsb' on input line 1358.
Package xcolor Info: Model `Gray' substituted by `gray' on input line 1359.
Package xcolor Info: Model `wave' substituted by `hsb' on input line 1360.
)
(/usr/local/texlive/2014basic/texmf-dist/tex/generic/pgf/basiclayer/pgfcore.cod
e.tex
Package: pgfcore 2010/04/11 v3.0.0 (rcs-revision 1.7)

(/usr/local/texlive/2014basic/texmf-dist/tex/generic/pgf/math/pgfmath.code.tex
(/usr/local/texlive/2014basic/texmf-dist/tex/generic/pgf/math/pgfmathcalc.code.
tex
(/usr/local/texlive/2014basic/texmf-dist/tex/generic/pgf/math/pgfmathutil.code.
tex)
(/usr/local/texlive/2014basic/texmf-dist/tex/generic/pgf/math/pgfmathparser.cod
e.tex
\pgfmath@dimen=\dimen124
\pgfmath@count=\count98
\pgfmath@box=\box27
\pgfmath@toks=\toks24
\pgfmath@stack@operand=\toks25
\pgfmath@stack@operation=\toks26
)
(/usr/local/texlive/2014basic/texmf-dist/tex/generic/pgf/math/pgfmathfunctions.
code.tex
(/usr/local/texlive/2014basic/texmf-dist/tex/generic/pgf/math/pgfmathfunctions.
basic.code.tex)
(/usr/local/texlive/2014basic/texmf-dist/tex/generic/pgf/math/pgfmathfunctions.
trigonometric.code.tex)
(/usr/local/texlive/2014basic/texmf-dist/tex/generic/pgf/math/pgfmathfunctions.
random.code.tex)
(/usr/local/texlive/2014basic/texmf-dist/tex/generic/pgf/math/pgfmathfunctions.
comparison.code.tex)
(/usr/local/texlive/2014basic/texmf-dist/tex/generic/pgf/math/pgfmathfunctions.
base.code.tex)
(/usr/local/texlive/2014basic/texmf-dist/tex/generic/pgf/math/pgfmathfunctions.
round.code.tex)
(/usr/local/texlive/2014basic/texmf-dist/tex/generic/pgf/math/pgfmathfunctions.
misc.code.tex)
(/usr/local/texlive/2014basic/texmf-dist/tex/generic/pgf/math/pgfmathfunctions.
integerarithmetics.code.tex)))
(/usr/local/texlive/2014basic/texmf-dist/tex/generic/pgf/math/pgfmathfloat.code
.tex
\c@pgfmathroundto@lastzeros=\count99
))
(/usr/local/texlive/2014basic/texmf-dist/tex/generic/pgf/basiclayer/pgfcorepoin
ts.code.tex
File: pgfcorepoints.code.tex 2013/10/07  (rcs-revision 1.27)
\pgf@picminx=\dimen125
\pgf@picmaxx=\dimen126
\pgf@picminy=\dimen127
\pgf@picmaxy=\dimen128
\pgf@pathminx=\dimen129
\pgf@pathmaxx=\dimen130
\pgf@pathminy=\dimen131
\pgf@pathmaxy=\dimen132
\pgf@xx=\dimen133
\pgf@xy=\dimen134
\pgf@yx=\dimen135
\pgf@yy=\dimen136
\pgf@zx=\dimen137
\pgf@zy=\dimen138
)
(/usr/local/texlive/2014basic/texmf-dist/tex/generic/pgf/basiclayer/pgfcorepath
construct.code.tex
File: pgfcorepathconstruct.code.tex 2013/10/07  (rcs-revision 1.29)
\pgf@path@lastx=\dimen139
\pgf@path@lasty=\dimen140
)
(/usr/local/texlive/2014basic/texmf-dist/tex/generic/pgf/basiclayer/pgfcorepath
usage.code.tex
File: pgfcorepathusage.code.tex 2013/12/13  (rcs-revision 1.23)
\pgf@shorten@end@additional=\dimen141
\pgf@shorten@start@additional=\dimen142
)
(/usr/local/texlive/2014basic/texmf-dist/tex/generic/pgf/basiclayer/pgfcorescop
es.code.tex
File: pgfcorescopes.code.tex 2013/10/09  (rcs-revision 1.44)
\pgfpic=\box28
\pgf@hbox=\box29
\pgf@layerbox@main=\box30
\pgf@picture@serial@count=\count100
)
(/usr/local/texlive/2014basic/texmf-dist/tex/generic/pgf/basiclayer/pgfcoregrap
hicstate.code.tex
File: pgfcoregraphicstate.code.tex 2013/09/19  (rcs-revision 1.11)
\pgflinewidth=\dimen143
)
(/usr/local/texlive/2014basic/texmf-dist/tex/generic/pgf/basiclayer/pgfcoretran
sformations.code.tex
File: pgfcoretransformations.code.tex 2013/10/10  (rcs-revision 1.17)
\pgf@pt@x=\dimen144
\pgf@pt@y=\dimen145
\pgf@pt@temp=\dimen146
)
(/usr/local/texlive/2014basic/texmf-dist/tex/generic/pgf/basiclayer/pgfcorequic
k.code.tex
File: pgfcorequick.code.tex 2008/10/09  (rcs-revision 1.3)
)
(/usr/local/texlive/2014basic/texmf-dist/tex/generic/pgf/basiclayer/pgfcoreobje
cts.code.tex
File: pgfcoreobjects.code.tex 2006/10/11  (rcs-revision 1.2)
)
(/usr/local/texlive/2014basic/texmf-dist/tex/generic/pgf/basiclayer/pgfcorepath
processing.code.tex
File: pgfcorepathprocessing.code.tex 2013/09/09  (rcs-revision 1.9)
)
(/usr/local/texlive/2014basic/texmf-dist/tex/generic/pgf/basiclayer/pgfcorearro
ws.code.tex
File: pgfcorearrows.code.tex 2013/11/07  (rcs-revision 1.40)
\pgfarrowsep=\dimen147
)
(/usr/local/texlive/2014basic/texmf-dist/tex/generic/pgf/basiclayer/pgfcoreshad
e.code.tex
File: pgfcoreshade.code.tex 2013/07/15  (rcs-revision 1.15)
\pgf@max=\dimen148
\pgf@sys@shading@range@num=\count101
)
(/usr/local/texlive/2014basic/texmf-dist/tex/generic/pgf/basiclayer/pgfcoreimag
e.code.tex
File: pgfcoreimage.code.tex 2013/07/15  (rcs-revision 1.18)

(/usr/local/texlive/2014basic/texmf-dist/tex/generic/pgf/basiclayer/pgfcoreexte
rnal.code.tex
File: pgfcoreexternal.code.tex 2013/07/15  (rcs-revision 1.20)
\pgfexternal@startupbox=\box31
))
(/usr/local/texlive/2014basic/texmf-dist/tex/generic/pgf/basiclayer/pgfcorelaye
rs.code.tex
File: pgfcorelayers.code.tex 2013/07/18  (rcs-revision 1.7)
)
(/usr/local/texlive/2014basic/texmf-dist/tex/generic/pgf/basiclayer/pgfcoretran
sparency.code.tex
File: pgfcoretransparency.code.tex 2013/09/30  (rcs-revision 1.5)
)
(/usr/local/texlive/2014basic/texmf-dist/tex/generic/pgf/basiclayer/pgfcorepatt
erns.code.tex
File: pgfcorepatterns.code.tex 2013/11/07  (rcs-revision 1.5)
)))
(/usr/local/texlive/2014basic/texmf-dist/tex/generic/pgf/modules/pgfmoduleshape
s.code.tex
File: pgfmoduleshapes.code.tex 2013/10/31  (rcs-revision 1.34)
\pgfnodeparttextbox=\box32
)
(/usr/local/texlive/2014basic/texmf-dist/tex/generic/pgf/modules/pgfmoduleplot.
code.tex
File: pgfmoduleplot.code.tex 2013/07/31  (rcs-revision 1.12)
)
(/usr/local/texlive/2014basic/texmf-dist/tex/latex/pgf/compatibility/pgfcomp-ve
rsion-0-65.sty
Package: pgfcomp-version-0-65 2007/07/03 v3.0.0 (rcs-revision 1.7)
\pgf@nodesepstart=\dimen149
\pgf@nodesepend=\dimen150
)
(/usr/local/texlive/2014basic/texmf-dist/tex/latex/pgf/compatibility/pgfcomp-ve
rsion-1-18.sty
Package: pgfcomp-version-1-18 2007/07/23 v3.0.0 (rcs-revision 1.1)
))
(/usr/local/texlive/2014basic/texmf-dist/tex/latex/pgf/compatibility/pgfshade.s
ty
Package: pgfshade 2006/10/11 v3.0.0 (rcs-revision 1.3)


Package pgfshade Warning: This package is obsolete. pgf.sty will load shade man
agement automatically on input line 17.

) (/usr/local/texlive/2014basic/texmf-dist/tex/latex/pgf/utilities/xxcolor.sty
Package: xxcolor 2003/10/24 ver 0.1
\XC@nummixins=\count102
\XC@countmixins=\count103
) (/usr/local/texlive/2014basic/texmf-dist/tex/latex/psnfss/times.sty
Package: times 2005/04/12 PSNFSS-v9.2a (SPQR) 
)
(/usr/local/texlive/2014basic/texmf-dist/tex/latex/base/fontenc.sty
Package: fontenc 2005/09/27 v1.99g Standard LaTeX package

(/usr/local/texlive/2014basic/texmf-dist/tex/latex/base/t1enc.def
File: t1enc.def 2005/09/27 v1.99g Standard LaTeX file
LaTeX Font Info:    Redeclaring font encoding T1 on input line 43.
))
(/usr/local/texlive/2014basic/texmf-dist/tex/latex/geometry/geometry.sty
Package: geometry 2010/09/12 v5.6 Page Geometry

(/usr/local/texlive/2014basic/texmf-dist/tex/generic/oberdiek/ifpdf.sty
Package: ifpdf 2011/01/30 v2.3 Provides the ifpdf switch (HO)
Package ifpdf Info: pdfTeX in PDF mode is detected.
)
(/usr/local/texlive/2014basic/texmf-dist/tex/generic/oberdiek/ifvtex.sty
Package: ifvtex 2010/03/01 v1.5 Detect VTeX and its facilities (HO)
Package ifvtex Info: VTeX not detected.
)
(/usr/local/texlive/2014basic/texmf-dist/tex/generic/ifxetex/ifxetex.sty
Package: ifxetex 2010/09/12 v0.6 Provides ifxetex conditional
)
\Gm@cnth=\count104
\Gm@cntv=\count105
\c@Gm@tempcnt=\count106
\Gm@bindingoffset=\dimen151
\Gm@wd@mp=\dimen152
\Gm@odd@mp=\dimen153
\Gm@even@mp=\dimen154
\Gm@layoutwidth=\dimen155
\Gm@layoutheight=\dimen156
\Gm@layouthoffset=\dimen157
\Gm@layoutvoffset=\dimen158
\Gm@dimlist=\toks27
)
\headerbuffer=\skip48
\secskip=\skip49
\@headerscratch=\skip50
)

! LaTeX Error: File `paralist.sty' not found.

Type X to quit or <RETURN> to proceed,
or enter new name. (Default extension: sty)

Enter file name: 
(/usr/local/texlive/2014basic/texmf-dist/tex/latex/hyperref/hyperref.sty
Package: hyperref 2012/11/06 v6.83m Hypertext links for LaTeX

(/usr/local/texlive/2014basic/texmf-dist/tex/generic/oberdiek/hobsub-hyperref.s
ty
Package: hobsub-hyperref 2012/05/28 v1.13 Bundle oberdiek, subset hyperref (HO)


(/usr/local/texlive/2014basic/texmf-dist/tex/generic/oberdiek/hobsub-generic.st
y
Package: hobsub-generic 2012/05/28 v1.13 Bundle oberdiek, subset generic (HO)
Package: hobsub 2012/05/28 v1.13 Construct package bundles (HO)
Package hobsub Info: Skipping package `infwarerr' (already loaded).
Package hobsub Info: Skipping package `ltxcmds' (already loaded).
Package: ifluatex 2010/03/01 v1.3 Provides the ifluatex switch (HO)
Package ifluatex Info: LuaTeX not detected.
Package hobsub Info: Skipping package `ifvtex' (already loaded).
Package: intcalc 2007/09/27 v1.1 Expandable calculations with integers (HO)
Package hobsub Info: Skipping package `ifpdf' (already loaded).
Package: etexcmds 2011/02/16 v1.5 Avoid name clashes with e-TeX commands (HO)
Package etexcmds Info: Could not find \expanded.
(etexcmds)             That can mean that you are not using pdfTeX 1.50 or
(etexcmds)             that some package has redefined \expanded.
(etexcmds)             In the latter case, load this package earlier.
Package: kvsetkeys 2012/04/25 v1.16 Key value parser (HO)
Package: kvdefinekeys 2011/04/07 v1.3 Define keys (HO)
Package: pdftexcmds 2011/11/29 v0.20 Utility functions of pdfTeX for LuaTeX (HO
)
Package pdftexcmds Info: LuaTeX not detected.
Package pdftexcmds Info: \pdf@primitive is available.
Package pdftexcmds Info: \pdf@ifprimitive is available.
Package pdftexcmds Info: \pdfdraftmode found.
Package: pdfescape 2011/11/25 v1.13 Implements pdfTeX's escape features (HO)
Package: bigintcalc 2012/04/08 v1.3 Expandable calculations on big integers (HO
)
Package: bitset 2011/01/30 v1.1 Handle bit-vector datatype (HO)
Package: uniquecounter 2011/01/30 v1.2 Provide unlimited unique counter (HO)
)
Package hobsub Info: Skipping package `hobsub' (already loaded).
Package: letltxmacro 2010/09/02 v1.4 Let assignment for LaTeX macros (HO)
Package: hopatch 2012/05/28 v1.2 Wrapper for package hooks (HO)
Package: xcolor-patch 2011/01/30 xcolor patch
Package: atveryend 2011/06/30 v1.8 Hooks at the very end of document (HO)
Package atveryend Info: \enddocument detected (standard20110627).
Package: atbegshi 2011/10/05 v1.16 At begin shipout hook (HO)
Package: refcount 2011/10/16 v3.4 Data extraction from label references (HO)
Package: hycolor 2011/01/30 v1.7 Color options for hyperref/bookmark (HO)
) (/usr/local/texlive/2014basic/texmf-dist/tex/latex/oberdiek/auxhook.sty
Package: auxhook 2011/03/04 v1.3 Hooks for auxiliary files (HO)
)
(/usr/local/texlive/2014basic/texmf-dist/tex/latex/oberdiek/kvoptions.sty
Package: kvoptions 2011/06/30 v3.11 Key value format for package options (HO)
)
\@linkdim=\dimen159
\Hy@linkcounter=\count107
\Hy@pagecounter=\count108

(/usr/local/texlive/2014basic/texmf-dist/tex/latex/hyperref/pd1enc.def
File: pd1enc.def 2012/11/06 v6.83m Hyperref: PDFDocEncoding definition (HO)
)
\Hy@SavedSpaceFactor=\count109

(/usr/local/texlive/2014basic/texmf-dist/tex/latex/latexconfig/hyperref.cfg
File: hyperref.cfg 2002/06/06 v1.2 hyperref configuration of TeXLive
)
Package hyperref Info: Hyper figures OFF on input line 4443.
Package hyperref Info: Link nesting OFF on input line 4448.
Package hyperref Info: Hyper index ON on input line 4451.
Package hyperref Info: Plain pages OFF on input line 4458.
Package hyperref Info: Backreferencing OFF on input line 4463.
Package hyperref Info: Implicit mode ON; LaTeX internals redefined.
Package hyperref Info: Bookmarks ON on input line 4688.
\c@Hy@tempcnt=\count110
LaTeX Info: Redefining \url on input line 5041.
\XeTeXLinkMargin=\dimen160
\Fld@menulength=\count111
\Field@Width=\dimen161
\Fld@charsize=\dimen162
Package hyperref Info: Hyper figures OFF on input line 6295.
Package hyperref Info: Link nesting OFF on input line 6300.
Package hyperref Info: Hyper index ON on input line 6303.
Package hyperref Info: backreferencing OFF on input line 6310.
Package hyperref Info: Link coloring OFF on input line 6315.
Package hyperref Info: Link coloring with OCG OFF on input line 6320.
Package hyperref Info: PDF/A mode OFF on input line 6325.
LaTeX Info: Redefining \ref on input line 6365.
LaTeX Info: Redefining \pageref on input line 6369.
\Hy@abspage=\count112
\c@Item=\count113
\c@Hfootnote=\count114
)

Package hyperref Message: Driver (autodetected): hpdftex.

(/usr/local/texlive/2014basic/texmf-dist/tex/latex/hyperref/hpdftex.def
File: hpdftex.def 2012/11/06 v6.83m Hyperref driver for pdfTeX
\Fld@listcount=\count115
\c@bookmark@seq@number=\count116

(/usr/local/texlive/2014basic/texmf-dist/tex/latex/oberdiek/rerunfilecheck.sty
Package: rerunfilecheck 2011/04/15 v1.7 Rerun checks for auxiliary files (HO)
Package uniquecounter Info: New unique counter `rerunfilecheck' on input line 2
82.
)
\Hy@SectionHShift=\skip51
)
Package hyperref Info: Option `colorlinks' set `false' on input line 15.
 (./resume.aux)
\openout1 = `resume.aux'.

LaTeX Font Info:    Checking defaults for OML/cmm/m/it on input line 18.
LaTeX Font Info:    ... okay on input line 18.
LaTeX Font Info:    Checking defaults for T1/cmr/m/n on input line 18.
LaTeX Font Info:    ... okay on input line 18.
LaTeX Font Info:    Checking defaults for OT1/cmr/m/n on input line 18.
LaTeX Font Info:    ... okay on input line 18.
LaTeX Font Info:    Checking defaults for OMS/cmsy/m/n on input line 18.
LaTeX Font Info:    ... okay on input line 18.
LaTeX Font Info:    Checking defaults for OMX/cmex/m/n on input line 18.
LaTeX Font Info:    ... okay on input line 18.
LaTeX Font Info:    Checking defaults for U/cmr/m/n on input line 18.
LaTeX Font Info:    ... okay on input line 18.
LaTeX Font Info:    Checking defaults for PD1/pdf/m/n on input line 18.
LaTeX Font Info:    ... okay on input line 18.
LaTeX Font Info:    Try loading font information for T1+ptm on input line 18.

(/usr/local/texlive/2014basic/texmf-dist/tex/latex/psnfss/t1ptm.fd
File: t1ptm.fd 2001/06/04 font definitions for T1/ptm.
)
ABD: EveryShipout initializing macros
(/usr/local/texlive/2014basic/texmf-dist/tex/context/base/supp-pdf.mkii
[Loading MPS to PDF converter (version 2006.09.02).]
\scratchcounter=\count117
\scratchdimen=\dimen163
\scratchbox=\box33
\nofMPsegments=\count118
\nofMParguments=\count119
\everyMPshowfont=\toks28
\MPscratchCnt=\count120
\MPscratchDim=\dimen164
\MPnumerator=\count121
\makeMPintoPDFobject=\count122
\everyMPtoPDFconversion=\toks29
) (/usr/local/texlive/2014basic/texmf-dist/tex/latex/oberdiek/epstopdf-base.sty
Package: epstopdf-base 2010/02/09 v2.5 Base part for package epstopdf
(/usr/local/texlive/2014basic/texmf-dist/tex/latex/oberdiek/grfext.sty
Package: grfext 2010/08/19 v1.1 Manage graphics extensions (HO)
)
Package grfext Info: Graphics extension search list:
(grfext)             [.png,.pdf,.jpg,.mps,.jpeg,.jbig2,.jb2,.PNG,.PDF,.JPG,.JPE
G,.JBIG2,.JB2,.eps]
(grfext)             \AppendGraphicsExtensions on input line 452.

(/usr/local/texlive/2014basic/texmf-dist/tex/latex/latexconfig/epstopdf-sys.cfg
File: epstopdf-sys.cfg 2010/07/13 v1.3 Configuration of (r)epstopdf for TeX Liv
e
))
*geometry* driver: auto-detecting
*geometry* detected driver: pdftex
*geometry* verbose mode - [ preamble ] result:
* driver: pdftex
* paper: letterpaper
* layout: <same size as paper>
* layoutoffset:(h,v)=(0.0pt,0.0pt)
* modes: 
* h-part:(L,W,R)=(92.14519pt, 430.00462pt, 92.14519pt)
* v-part:(T,H,B)=(72.26999pt, 650.43001pt, 72.26999pt)
* \paperwidth=614.295pt
* \paperheight=794.96999pt
* \textwidth=430.00462pt
* \textheight=650.43001pt
* \oddsidemargin=19.8752pt
* \evensidemargin=19.8752pt
* \topmargin=-37.0pt
* \headheight=12.0pt
* \headsep=25.0pt
* \topskip=10.0pt
* \footskip=30.0pt
* \marginparwidth=65.0pt
* \marginparsep=11.0pt
* \columnsep=10.0pt
* \skip\footins=9.0pt plus 4.0pt minus 2.0pt
* \hoffset=0.0pt
* \voffset=0.0pt
* \mag=1000
* \@twocolumnfalse
* \@twosidefalse
* \@mparswitchfalse
* \@reversemarginfalse
* (1in=72.27pt=25.4mm, 1cm=28.453pt)

\AtBeginShipoutBox=\box34
Package hyperref Info: Link coloring OFF on input line 18.
(/usr/local/texlive/2014basic/texmf-dist/tex/latex/hyperref/nameref.sty
Package: nameref 2012/10/27 v2.43 Cross-referencing by name of section

(/usr/local/texlive/2014basic/texmf-dist/tex/generic/oberdiek/gettitlestring.st
y
Package: gettitlestring 2010/12/03 v1.4 Cleanup title references (HO)
)
\c@section@level=\count123
)
LaTeX Info: Redefining \ref on input line 18.
LaTeX Info: Redefining \pageref on input line 18.
LaTeX Info: Redefining \nameref on input line 18.
 (./resume.out) (./resume.out)
\@outlinefile=\write4
\openout4 = `resume.out'.

LaTeX Info: Redefining \@email on input line 21.
LaTeX Info: Redefining \@webpage on input line 22.
LaTeX Font Info:    Font shape `T1/ptm/bx/n' in size <10> not available
(Font)              Font shape `T1/ptm/b/n' tried instead on input line 25.
LaTeX Font Info:    Font shape `T1/ptm/bx/n' in size <14.4> not available
(Font)              Font shape `T1/ptm/b/n' tried instead on input line 25.
LaTeX Font Info:    Try loading font information for T1+pcr on input line 25.

(/usr/local/texlive/2014basic/texmf-dist/tex/latex/psnfss/t1pcr.fd
File: t1pcr.fd 2001/06/04 font definitions for T1/pcr.
)
LaTeX Font Info:    Font shape `T1/pcr/bx/n' in size <14.4> not available
(Font)              Font shape `T1/pcr/b/n' tried instead on input line 25.

! Font T1/pcr/bx/n/14.4=pcrb8t at 14.4pt not loadable: Metric (TFM) file not fo
und.
<to be read again> 
                   relax 
extract@font ...ont font@name external@font relax 
                                                  font@name relax csname f@e...

define@newfont ...ong@fontshape else extract@font 
                                                  fi endgroup 
pickup@font ...ifx font@name relax define@newfont 
                                                  fi 
selectfont  ...ape /f@size endcsname }pickup@font 
                                                  font@name size@update enc@...

Url@FormatString ->UrlFont 
                           Url@MathSetup $fam z@ textfont z@ font expandafte...

Url@z ...tpercent Url@HyperHook {Url@FormatString 
                                                  }endgroup 
hyper@linkurl ...>}relax Hy@colorlink @urlcolor #1
                                                  Hy@xspace@end close@pdflin...
<argument> Large {@authorname  @email 
                                      }
textbf  ... text@command {#1}bfseries check@icl #1
                                                  check@icr expandafter egro...

@begin@tempboxa ...tempboxa #1{color@begingroup #2
                                                  color@endgroup }def width ...

@imakebox [#1][#2]#3->@begin@tempboxa hbox {#3}
                                               setlength @tempdima {#1}hb@xt...

HyOrg@maketitle ...Large {@authorname  @email }}}}
                                                  vspace {headerbuffer }par ...

reserved@c ->HyOrg@maketitle 
                             Hy@maketitle@end 
<to be read again> 
                   par 
l.25 
     
? 
! Font \T1/pcr/b/n/14.4=nullfont not loadable: Metric (TFM) file not found.
<to be read again> 
                   \relax 
\pickup@font ...\font@name \relax \define@newfont 
                                                  \fi 
\selectfont  .../\f@size \endcsname }\pickup@font 
                                                  \font@name \size@update \e...

\Url@FormatString ->\UrlFont 
                             \Url@MathSetup $\fam \z@ \textfont \z@ \font \e...

\Url@z ...rcent \Url@HyperHook {\Url@FormatString 
                                                  }\endgroup 
\hyper@linkurl ...elax \Hy@colorlink \@urlcolor #1
                                                  \Hy@xspace@end \close@pdfl...
<argument> \Large {\@authorname \ \@email 
                                          }
\textbf  ...xt@command {#1}\bfseries \check@icl #1
                                                  \check@icr \expandafter \e...

\@begin@tempboxa ...mpboxa #1{\color@begingroup #2
                                                  \color@endgroup }\def \wid...

\@imakebox [#1][#2]#3->\@begin@tempboxa \hbox {#3}
                                                  \setlength \@tempdima {#1}...

\HyOrg@maketitle ...e {\@authorname \ \@email }}}}
                                                  \vspace {\headerbuffer }\p...

\reserved@c ->\HyOrg@maketitle 
                               \Hy@maketitle@end 
<to be read again> 
                   \par 
l.25 
     
? 
LaTeX Font Info:    External font `cmex10' loaded for size
(Font)              <14.4> on input line 25.
LaTeX Font Info:    External font `cmex10' loaded for size
(Font)              <7> on input line 25.
! \textfont 0 is undefined (character <).
\Url@FormatString ...\Url@String \UrlRight \m@th $
                                                  
\Url@z ...rcent \Url@HyperHook {\Url@FormatString 
                                                  }\endgroup 
\hyper@linkurl ...elax \Hy@colorlink \@urlcolor #1
                                                  \Hy@xspace@end \close@pdfl...
<argument> \Large {\@authorname \ \@email 
                                          }
\textbf  ...xt@command {#1}\bfseries \check@icl #1
                                                  \check@icr \expandafter \e...

\@begin@tempboxa ...mpboxa #1{\color@begingroup #2
                                                  \color@endgroup }\def \wid...

\@imakebox [#1][#2]#3->\@begin@tempboxa \hbox {#3}
                                                  \setlength \@tempdima {#1}...

\HyOrg@maketitle ...e {\@authorname \ \@email }}}}
                                                  \vspace {\headerbuffer }\p...

\reserved@c ->\HyOrg@maketitle 
                               \Hy@maketitle@end 
<to be read again> 
                   \par 
l.25 
     
? 
! \textfont 0 is undefined (character b).
\Url@FormatString ...\Url@String \UrlRight \m@th $
                                                  
\Url@z ...rcent \Url@HyperHook {\Url@FormatString 
                                                  }\endgroup 
\hyper@linkurl ...elax \Hy@colorlink \@urlcolor #1
                                                  \Hy@xspace@end \close@pdfl...
<argument> \Large {\@authorname \ \@email 
                                          }
\textbf  ...xt@command {#1}\bfseries \check@icl #1
                                                  \check@icr \expandafter \e...

\@begin@tempboxa ...mpboxa #1{\color@begingroup #2
                                                  \color@endgroup }\def \wid...

\@imakebox [#1][#2]#3->\@begin@tempboxa \hbox {#3}
                                                  \setlength \@tempdima {#1}...

\HyOrg@maketitle ...e {\@authorname \ \@email }}}}
                                                  \vspace {\headerbuffer }\p...

\reserved@c ->\HyOrg@maketitle 
                               \Hy@maketitle@end 
<to be read again> 
                   \par 
l.25 
     
? 
! \textfont 0 is undefined (character s).
\Url@FormatString ...\Url@String \UrlRight \m@th $
                                                  
\Url@z ...rcent \Url@HyperHook {\Url@FormatString 
                                                  }\endgroup 
\hyper@linkurl ...elax \Hy@colorlink \@urlcolor #1
                                                  \Hy@xspace@end \close@pdfl...
<argument> \Large {\@authorname \ \@email 
                                          }
\textbf  ...xt@command {#1}\bfseries \check@icl #1
                                                  \check@icr \expandafter \e...

\@begin@tempboxa ...mpboxa #1{\color@begingroup #2
                                                  \color@endgroup }\def \wid...

\@imakebox [#1][#2]#3->\@begin@tempboxa \hbox {#3}
                                                  \setlength \@tempdima {#1}...

\HyOrg@maketitle ...e {\@authorname \ \@email }}}}
                                                  \vspace {\headerbuffer }\p...

\reserved@c ->\HyOrg@maketitle 
                               \Hy@maketitle@end 
<to be read again> 
                   \par 
l.25 
     
? 
! \textfont 0 is undefined (character h).
\Url@FormatString ...\Url@String \UrlRight \m@th $
                                                  
\Url@z ...rcent \Url@HyperHook {\Url@FormatString 
                                                  }\endgroup 
\hyper@linkurl ...elax \Hy@colorlink \@urlcolor #1
                                                  \Hy@xspace@end \close@pdfl...
<argument> \Large {\@authorname \ \@email 
                                          }
\textbf  ...xt@command {#1}\bfseries \check@icl #1
                                                  \check@icr \expandafter \e...

\@begin@tempboxa ...mpboxa #1{\color@begingroup #2
                                                  \color@endgroup }\def \wid...

\@imakebox [#1][#2]#3->\@begin@tempboxa \hbox {#3}
                                                  \setlength \@tempdima {#1}...

\HyOrg@maketitle ...e {\@authorname \ \@email }}}}
                                                  \vspace {\headerbuffer }\p...

\reserved@c ->\HyOrg@maketitle 
                               \Hy@maketitle@end 
<to be read again> 
                   \par 
l.25 
     
? 
! \textfont 0 is undefined (character l).
\Url@FormatString ...\Url@String \UrlRight \m@th $
                                                  
\Url@z ...rcent \Url@HyperHook {\Url@FormatString 
                                                  }\endgroup 
\hyper@linkurl ...elax \Hy@colorlink \@urlcolor #1
                                                  \Hy@xspace@end \close@pdfl...
<argument> \Large {\@authorname \ \@email 
                                          }
\textbf  ...xt@command {#1}\bfseries \check@icl #1
                                                  \check@icr \expandafter \e...

\@begin@tempboxa ...mpboxa #1{\color@begingroup #2
                                                  \color@endgroup }\def \wid...

\@imakebox [#1][#2]#3->\@begin@tempboxa \hbox {#3}
                                                  \setlength \@tempdima {#1}...

\HyOrg@maketitle ...e {\@authorname \ \@email }}}}
                                                  \vspace {\headerbuffer }\p...

\reserved@c ->\HyOrg@maketitle 
                               \Hy@maketitle@end 
<to be read again> 
                   \par 
l.25 
     
? 
! \textfont 0 is undefined (character e).
\Url@FormatString ...\Url@String \UrlRight \m@th $
                                                  
\Url@z ...rcent \Url@HyperHook {\Url@FormatString 
                                                  }\endgroup 
\hyper@linkurl ...elax \Hy@colorlink \@urlcolor #1
                                                  \Hy@xspace@end \close@pdfl...
<argument> \Large {\@authorname \ \@email 
                                          }
\textbf  ...xt@command {#1}\bfseries \check@icl #1
                                                  \check@icr \expandafter \e...

\@begin@tempboxa ...mpboxa #1{\color@begingroup #2
                                                  \color@endgroup }\def \wid...

\@imakebox [#1][#2]#3->\@begin@tempboxa \hbox {#3}
                                                  \setlength \@tempdima {#1}...

\HyOrg@maketitle ...e {\@authorname \ \@email }}}}
                                                  \vspace {\headerbuffer }\p...

\reserved@c ->\HyOrg@maketitle 
                               \Hy@maketitle@end 
<to be read again> 
                   \par 
l.25 
     
? 
! \textfont 0 is undefined (character g).
\Url@FormatString ...\Url@String \UrlRight \m@th $
                                                  
\Url@z ...rcent \Url@HyperHook {\Url@FormatString 
                                                  }\endgroup 
\hyper@linkurl ...elax \Hy@colorlink \@urlcolor #1
                                                  \Hy@xspace@end \close@pdfl...
<argument> \Large {\@authorname \ \@email 
                                          }
\textbf  ...xt@command {#1}\bfseries \check@icl #1
                                                  \check@icr \expandafter \e...

\@begin@tempboxa ...mpboxa #1{\color@begingroup #2
                                                  \color@endgroup }\def \wid...

\@imakebox [#1][#2]#3->\@begin@tempboxa \hbox {#3}
                                                  \setlength \@tempdima {#1}...

\HyOrg@maketitle ...e {\@authorname \ \@email }}}}
                                                  \vspace {\headerbuffer }\p...

\reserved@c ->\HyOrg@maketitle 
                               \Hy@maketitle@end 
<to be read again> 
                   \par 
l.25 
     
? 
! \textfont 0 is undefined (character e).
\Url@FormatString ...\Url@String \UrlRight \m@th $
                                                  
\Url@z ...rcent \Url@HyperHook {\Url@FormatString 
                                                  }\endgroup 
\hyper@linkurl ...elax \Hy@colorlink \@urlcolor #1
                                                  \Hy@xspace@end \close@pdfl...
<argument> \Large {\@authorname \ \@email 
                                          }
\textbf  ...xt@command {#1}\bfseries \check@icl #1
                                                  \check@icr \expandafter \e...

\@begin@tempboxa ...mpboxa #1{\color@begingroup #2
                                                  \color@endgroup }\def \wid...

\@imakebox [#1][#2]#3->\@begin@tempboxa \hbox {#3}
                                                  \setlength \@tempdima {#1}...

\HyOrg@maketitle ...e {\@authorname \ \@email }}}}
                                                  \vspace {\headerbuffer }\p...

\reserved@c ->\HyOrg@maketitle 
                               \Hy@maketitle@end 
<to be read again> 
                   \par 
l.25 
     
? 
! \textfont 0 is undefined (character r).
\Url@FormatString ...\Url@String \UrlRight \m@th $
                                                  
\Url@z ...rcent \Url@HyperHook {\Url@FormatString 
                                                  }\endgroup 
\hyper@linkurl ...elax \Hy@colorlink \@urlcolor #1
                                                  \Hy@xspace@end \close@pdfl...
<argument> \Large {\@authorname \ \@email 
                                          }
\textbf  ...xt@command {#1}\bfseries \check@icl #1
                                                  \check@icr \expandafter \e...

\@begin@tempboxa ...mpboxa #1{\color@begingroup #2
                                                  \color@endgroup }\def \wid...

\@imakebox [#1][#2]#3->\@begin@tempboxa \hbox {#3}
                                                  \setlength \@tempdima {#1}...

\HyOrg@maketitle ...e {\@authorname \ \@email }}}}
                                                  \vspace {\headerbuffer }\p...

\reserved@c ->\HyOrg@maketitle 
                               \Hy@maketitle@end 
<to be read again> 
                   \par 
l.25 
     
? 
! \textfont 0 is undefined (character i).
\Url@FormatString ...\Url@String \UrlRight \m@th $
                                                  
\Url@z ...rcent \Url@HyperHook {\Url@FormatString 
                                                  }\endgroup 
\hyper@linkurl ...elax \Hy@colorlink \@urlcolor #1
                                                  \Hy@xspace@end \close@pdfl...
<argument> \Large {\@authorname \ \@email 
                                          }
\textbf  ...xt@command {#1}\bfseries \check@icl #1
                                                  \check@icr \expandafter \e...

\@begin@tempboxa ...mpboxa #1{\color@begingroup #2
                                                  \color@endgroup }\def \wid...

\@imakebox [#1][#2]#3->\@begin@tempboxa \hbox {#3}
                                                  \setlength \@tempdima {#1}...

\HyOrg@maketitle ...e {\@authorname \ \@email }}}}
                                                  \vspace {\headerbuffer }\p...

\reserved@c ->\HyOrg@maketitle 
                               \Hy@maketitle@end 
<to be read again> 
                   \par 
l.25 
     
? 
! \textfont 0 is undefined (character s).
\Url@FormatString ...\Url@String \UrlRight \m@th $
                                                  
\Url@z ...rcent \Url@HyperHook {\Url@FormatString 
                                                  }\endgroup 
\hyper@linkurl ...elax \Hy@colorlink \@urlcolor #1
                                                  \Hy@xspace@end \close@pdfl...
<argument> \Large {\@authorname \ \@email 
                                          }
\textbf  ...xt@command {#1}\bfseries \check@icl #1
                                                  \check@icr \expandafter \e...

\@begin@tempboxa ...mpboxa #1{\color@begingroup #2
                                                  \color@endgroup }\def \wid...

\@imakebox [#1][#2]#3->\@begin@tempboxa \hbox {#3}
                                                  \setlength \@tempdima {#1}...

\HyOrg@maketitle ...e {\@authorname \ \@email }}}}
                                                  \vspace {\headerbuffer }\p...

\reserved@c ->\HyOrg@maketitle 
                               \Hy@maketitle@end 
<to be read again> 
                   \par 
l.25 
     
? 
! \textfont 0 is undefined (character @).
\Url@FormatString ...\Url@String \UrlRight \m@th $
                                                  
\Url@z ...rcent \Url@HyperHook {\Url@FormatString 
                                                  }\endgroup 
\hyper@linkurl ...elax \Hy@colorlink \@urlcolor #1
                                                  \Hy@xspace@end \close@pdfl...
<argument> \Large {\@authorname \ \@email 
                                          }
\textbf  ...xt@command {#1}\bfseries \check@icl #1
                                                  \check@icr \expandafter \e...

\@begin@tempboxa ...mpboxa #1{\color@begingroup #2
                                                  \color@endgroup }\def \wid...

\@imakebox [#1][#2]#3->\@begin@tempboxa \hbox {#3}
                                                  \setlength \@tempdima {#1}...

\HyOrg@maketitle ...e {\@authorname \ \@email }}}}
                                                  \vspace {\headerbuffer }\p...

\reserved@c ->\HyOrg@maketitle 
                               \Hy@maketitle@end 
<to be read again> 
                   \par 
l.25 
     
? 
! \textfont 0 is undefined (character g).
\Url@FormatString ...\Url@String \UrlRight \m@th $
                                                  
\Url@z ...rcent \Url@HyperHook {\Url@FormatString 
                                                  }\endgroup 
\hyper@linkurl ...elax \Hy@colorlink \@urlcolor #1
                                                  \Hy@xspace@end \close@pdfl...
<argument> \Large {\@authorname \ \@email 
                                          }
\textbf  ...xt@command {#1}\bfseries \check@icl #1
                                                  \check@icr \expandafter \e...

\@begin@tempboxa ...mpboxa #1{\color@begingroup #2
                                                  \color@endgroup }\def \wid...

\@imakebox [#1][#2]#3->\@begin@tempboxa \hbox {#3}
                                                  \setlength \@tempdima {#1}...

\HyOrg@maketitle ...e {\@authorname \ \@email }}}}
                                                  \vspace {\headerbuffer }\p...

\reserved@c ->\HyOrg@maketitle 
                               \Hy@maketitle@end 
<to be read again> 
                   \par 
l.25 
     
? 
! \textfont 0 is undefined (character m).
\Url@FormatString ...\Url@String \UrlRight \m@th $
                                                  
\Url@z ...rcent \Url@HyperHook {\Url@FormatString 
                                                  }\endgroup 
\hyper@linkurl ...elax \Hy@colorlink \@urlcolor #1
                                                  \Hy@xspace@end \close@pdfl...
<argument> \Large {\@authorname \ \@email 
                                          }
\textbf  ...xt@command {#1}\bfseries \check@icl #1
                                                  \check@icr \expandafter \e...

\@begin@tempboxa ...mpboxa #1{\color@begingroup #2
                                                  \color@endgroup }\def \wid...

\@imakebox [#1][#2]#3->\@begin@tempboxa \hbox {#3}
                                                  \setlength \@tempdima {#1}...

\HyOrg@maketitle ...e {\@authorname \ \@email }}}}
                                                  \vspace {\headerbuffer }\p...

\reserved@c ->\HyOrg@maketitle 
                               \Hy@maketitle@end 
<to be read again> 
                   \par 
l.25 
     
? 
! \textfont 0 is undefined (character a).
\Url@FormatString ...\Url@String \UrlRight \m@th $
                                                  
\Url@z ...rcent \Url@HyperHook {\Url@FormatString 
                                                  }\endgroup 
\hyper@linkurl ...elax \Hy@colorlink \@urlcolor #1
                                                  \Hy@xspace@end \close@pdfl...
<argument> \Large {\@authorname \ \@email 
                                          }
\textbf  ...xt@command {#1}\bfseries \check@icl #1
                                                  \check@icr \expandafter \e...

\@begin@tempboxa ...mpboxa #1{\color@begingroup #2
                                                  \color@endgroup }\def \wid...

\@imakebox [#1][#2]#3->\@begin@tempboxa \hbox {#3}
                                                  \setlength \@tempdima {#1}...

\HyOrg@maketitle ...e {\@authorname \ \@email }}}}
                                                  \vspace {\headerbuffer }\p...

\reserved@c ->\HyOrg@maketitle 
                               \Hy@maketitle@end 
<to be read again> 
                   \par 
l.25 
     
? 
! \textfont 0 is undefined (character i).
\Url@FormatString ...\Url@String \UrlRight \m@th $
                                                  
\Url@z ...rcent \Url@HyperHook {\Url@FormatString 
                                                  }\endgroup 
\hyper@linkurl ...elax \Hy@colorlink \@urlcolor #1
                                                  \Hy@xspace@end \close@pdfl...
<argument> \Large {\@authorname \ \@email 
                                          }
\textbf  ...xt@command {#1}\bfseries \check@icl #1
                                                  \check@icr \expandafter \e...

\@begin@tempboxa ...mpboxa #1{\color@begingroup #2
                                                  \color@endgroup }\def \wid...

\@imakebox [#1][#2]#3->\@begin@tempboxa \hbox {#3}
                                                  \setlength \@tempdima {#1}...

\HyOrg@maketitle ...e {\@authorname \ \@email }}}}
                                                  \vspace {\headerbuffer }\p...

\reserved@c ->\HyOrg@maketitle 
                               \Hy@maketitle@end 
<to be read again> 
                   \par 
l.25 
     
? 
! \textfont 0 is undefined (character l).
\Url@FormatString ...\Url@String \UrlRight \m@th $
                                                  
\Url@z ...rcent \Url@HyperHook {\Url@FormatString 
                                                  }\endgroup 
\hyper@linkurl ...elax \Hy@colorlink \@urlcolor #1
                                                  \Hy@xspace@end \close@pdfl...
<argument> \Large {\@authorname \ \@email 
                                          }
\textbf  ...xt@command {#1}\bfseries \check@icl #1
                                                  \check@icr \expandafter \e...

\@begin@tempboxa ...mpboxa #1{\color@begingroup #2
                                                  \color@endgroup }\def \wid...

\@imakebox [#1][#2]#3->\@begin@tempboxa \hbox {#3}
                                                  \setlength \@tempdima {#1}...

\HyOrg@maketitle ...e {\@authorname \ \@email }}}}
                                                  \vspace {\headerbuffer }\p...

\reserved@c ->\HyOrg@maketitle 
                               \Hy@maketitle@end 
<to be read again> 
                   \par 
l.25 
     
? 
! \textfont 0 is undefined (character .).
\Url@FormatString ...\Url@String \UrlRight \m@th $
                                                  
\Url@z ...rcent \Url@HyperHook {\Url@FormatString 
                                                  }\endgroup 
\hyper@linkurl ...elax \Hy@colorlink \@urlcolor #1
                                                  \Hy@xspace@end \close@pdfl...
<argument> \Large {\@authorname \ \@email 
                                          }
\textbf  ...xt@command {#1}\bfseries \check@icl #1
                                                  \check@icr \expandafter \e...

\@begin@tempboxa ...mpboxa #1{\color@begingroup #2
                                                  \color@endgroup }\def \wid...

\@imakebox [#1][#2]#3->\@begin@tempboxa \hbox {#3}
                                                  \setlength \@tempdima {#1}...

\HyOrg@maketitle ...e {\@authorname \ \@email }}}}
                                                  \vspace {\headerbuffer }\p...

\reserved@c ->\HyOrg@maketitle 
                               \Hy@maketitle@end 
<to be read again> 
                   \par 
l.25 
     
? 
! \textfont 0 is undefined (character c).
\Url@FormatString ...\Url@String \UrlRight \m@th $
                                                  
\Url@z ...rcent \Url@HyperHook {\Url@FormatString 
                                                  }\endgroup 
\hyper@linkurl ...elax \Hy@colorlink \@urlcolor #1
                                                  \Hy@xspace@end \close@pdfl...
<argument> \Large {\@authorname \ \@email 
                                          }
\textbf  ...xt@command {#1}\bfseries \check@icl #1
                                                  \check@icr \expandafter \e...

\@begin@tempboxa ...mpboxa #1{\color@begingroup #2
                                                  \color@endgroup }\def \wid...

\@imakebox [#1][#2]#3->\@begin@tempboxa \hbox {#3}
                                                  \setlength \@tempdima {#1}...

\HyOrg@maketitle ...e {\@authorname \ \@email }}}}
                                                  \vspace {\headerbuffer }\p...

\reserved@c ->\HyOrg@maketitle 
                               \Hy@maketitle@end 
<to be read again> 
                   \par 
l.25 
     
? 
! \textfont 0 is undefined (character o).
\Url@FormatString ...\Url@String \UrlRight \m@th $
                                                  
\Url@z ...rcent \Url@HyperHook {\Url@FormatString 
                                                  }\endgroup 
\hyper@linkurl ...elax \Hy@colorlink \@urlcolor #1
                                                  \Hy@xspace@end \close@pdfl...
<argument> \Large {\@authorname \ \@email 
                                          }
\textbf  ...xt@command {#1}\bfseries \check@icl #1
                                                  \check@icr \expandafter \e...

\@begin@tempboxa ...mpboxa #1{\color@begingroup #2
                                                  \color@endgroup }\def \wid...

\@imakebox [#1][#2]#3->\@begin@tempboxa \hbox {#3}
                                                  \setlength \@tempdima {#1}...

\HyOrg@maketitle ...e {\@authorname \ \@email }}}}
                                                  \vspace {\headerbuffer }\p...

\reserved@c ->\HyOrg@maketitle 
                               \Hy@maketitle@end 
<to be read again> 
                   \par 
l.25 
     
? q
OK, entering \batchmode...
! \textfont 0 is undefined (character m).
\Url@FormatString ...\Url@String \UrlRight \m@th $
                                                  
\Url@z ...rcent \Url@HyperHook {\Url@FormatString 
                                                  }\endgroup 
\hyper@linkurl ...elax \Hy@colorlink \@urlcolor #1
                                                  \Hy@xspace@end \close@pdfl...
<argument> \Large {\@authorname \ \@email 
                                          }
\textbf  ...xt@command {#1}\bfseries \check@icl #1
                                                  \check@icr \expandafter \e...

\@begin@tempboxa ...mpboxa #1{\color@begingroup #2
                                                  \color@endgroup }\def \wid...

\@imakebox [#1][#2]#3->\@begin@tempboxa \hbox {#3}
                                                  \setlength \@tempdima {#1}...

\HyOrg@maketitle ...e {\@authorname \ \@email }}}}
                                                  \vspace {\headerbuffer }\p...

\reserved@c ->\HyOrg@maketitle 
                               \Hy@maketitle@end 
<to be read again> 
                   \par 
l.25 
     
Somewhere in the math formula just ended, you used the
stated character from an undefined font family. For example,
plain TeX doesn't allow \it or \sl in subscripts. Proceed,
and I'll try to forget that I needed that character.

! \textfont 0 is undefined (character >).
\Url@FormatString ...\Url@String \UrlRight \m@th $
                                                  
\Url@z ...rcent \Url@HyperHook {\Url@FormatString 
                                                  }\endgroup 
\hyper@linkurl ...elax \Hy@colorlink \@urlcolor #1
                                                  \Hy@xspace@end \close@pdfl...
<argument> \Large {\@authorname \ \@email 
                                          }
\textbf  ...xt@command {#1}\bfseries \check@icl #1
                                                  \check@icr \expandafter \e...

\@begin@tempboxa ...mpboxa #1{\color@begingroup #2
                                                  \color@endgroup }\def \wid...

\@imakebox [#1][#2]#3->\@begin@tempboxa \hbox {#3}
                                                  \setlength \@tempdima {#1}...

\HyOrg@maketitle ...e {\@authorname \ \@email }}}}
                                                  \vspace {\headerbuffer }\p...

\reserved@c ->\HyOrg@maketitle 
                               \Hy@maketitle@end 
<to be read again> 
                   \par 
l.25 
     
Somewhere in the math formula just ended, you used the
stated character from an undefined font family. For example,
plain TeX doesn't allow \it or \sl in subscripts. Proceed,
and I'll try to forget that I needed that character.

LaTeX Font Info:    External font `cmex10' loaded for size
(Font)              <9> on input line 25.
LaTeX Font Info:    External font `cmex10' loaded for size
(Font)              <6> on input line 25.
LaTeX Font Info:    External font `cmex10' loaded for size
(Font)              <5> on input line 25.
! Font T1/pcr/m/n/9=pcrr8t at 9.0pt not loadable: Metric (TFM) file not found.
<to be read again> 
                   relax 
extract@font ...ont font@name external@font relax 
                                                  font@name relax csname f@e...

define@newfont ...ong@fontshape else extract@font 
                                                  fi endgroup 
pickup@font ...ifx font@name relax define@newfont 
                                                  fi 
selectfont  ...ape /f@size endcsname }pickup@font 
                                                  font@name size@update enc@...

Url@FormatString ->UrlFont 
                           Url@MathSetup $fam z@ textfont z@ font expandafte...

Url@z ...tpercent Url@HyperHook {Url@FormatString 
                                                  }endgroup 
hyper@linkurl ...>}relax Hy@colorlink @urlcolor #1
                                                  Hy@xspace@end close@pdflin...
<argument> ...acolsep {fill }}r}@phone & @webpage 
                                                  end {tabular*}par nointerl...

@secondoftwo #1#2->#2
                     
HyOrg@maketitle ...par nointerlineskip noindent }}
                                                  ifthenelse {equal {@street...

reserved@c ->HyOrg@maketitle 
                             Hy@maketitle@end 
<to be read again> 
                   par 
l.25 
     
I wasn't able to read the size data for this font,
so I will ignore the font specification.
[Wizards can fix TFM files using TFtoPL/PLtoTF.]
You might try inserting a different font spec;
e.g., type `I\font<same font id>=<substitute font name>'.

! \textfont 0 is undefined (character b).
\Url@FormatString ...\Url@String \UrlRight \m@th $
                                                  
\Url@z ...rcent \Url@HyperHook {\Url@FormatString 
                                                  }\endgroup 
\hyper@linkurl ...elax \Hy@colorlink \@urlcolor #1
                                                  \Hy@xspace@end \close@pdfl...
<argument> ...lsep {\fill }}r}\@phone & \@webpage 
                                                  \end {tabular*}\par \noint...

\@secondoftwo #1#2->#2
                      
\HyOrg@maketitle ... \nointerlineskip \noindent }}
                                                  \ifthenelse {\equal {\@str...

\reserved@c ->\HyOrg@maketitle 
                               \Hy@maketitle@end 
<to be read again> 
                   \par 
l.25 
     
Somewhere in the math formula just ended, you used the
stated character from an undefined font family. For example,
plain TeX doesn't allow \it or \sl in subscripts. Proceed,
and I'll try to forget that I needed that character.

! \textfont 0 is undefined (character s).
\Url@FormatString ...\Url@String \UrlRight \m@th $
                                                  
\Url@z ...rcent \Url@HyperHook {\Url@FormatString 
                                                  }\endgroup 
\hyper@linkurl ...elax \Hy@colorlink \@urlcolor #1
                                                  \Hy@xspace@end \close@pdfl...
<argument> ...lsep {\fill }}r}\@phone & \@webpage 
                                                  \end {tabular*}\par \noint...

\@secondoftwo #1#2->#2
                      
\HyOrg@maketitle ... \nointerlineskip \noindent }}
                                                  \ifthenelse {\equal {\@str...

\reserved@c ->\HyOrg@maketitle 
                               \Hy@maketitle@end 
<to be read again> 
                   \par 
l.25 
     
Somewhere in the math formula just ended, you used the
stated character from an undefined font family. For example,
plain TeX doesn't allow \it or \sl in subscripts. Proceed,
and I'll try to forget that I needed that character.

! \textfont 0 is undefined (character h).
\Url@FormatString ...\Url@String \UrlRight \m@th $
                                                  
\Url@z ...rcent \Url@HyperHook {\Url@FormatString 
                                                  }\endgroup 
\hyper@linkurl ...elax \Hy@colorlink \@urlcolor #1
                                                  \Hy@xspace@end \close@pdfl...
<argument> ...lsep {\fill }}r}\@phone & \@webpage 
                                                  \end {tabular*}\par \noint...

\@secondoftwo #1#2->#2
                      
\HyOrg@maketitle ... \nointerlineskip \noindent }}
                                                  \ifthenelse {\equal {\@str...

\reserved@c ->\HyOrg@maketitle 
                               \Hy@maketitle@end 
<to be read again> 
                   \par 
l.25 
     
Somewhere in the math formula just ended, you used the
stated character from an undefined font family. For example,
plain TeX doesn't allow \it or \sl in subscripts. Proceed,
and I'll try to forget that I needed that character.

! \textfont 0 is undefined (character l).
\Url@FormatString ...\Url@String \UrlRight \m@th $
                                                  
\Url@z ...rcent \Url@HyperHook {\Url@FormatString 
                                                  }\endgroup 
\hyper@linkurl ...elax \Hy@colorlink \@urlcolor #1
                                                  \Hy@xspace@end \close@pdfl...
<argument> ...lsep {\fill }}r}\@phone & \@webpage 
                                                  \end {tabular*}\par \noint...

\@secondoftwo #1#2->#2
                      
\HyOrg@maketitle ... \nointerlineskip \noindent }}
                                                  \ifthenelse {\equal {\@str...

\reserved@c ->\HyOrg@maketitle 
                               \Hy@maketitle@end 
<to be read again> 
                   \par 
l.25 
     
Somewhere in the math formula just ended, you used the
stated character from an undefined font family. For example,
plain TeX doesn't allow \it or \sl in subscripts. Proceed,
and I'll try to forget that I needed that character.

! \textfont 0 is undefined (character g).
\Url@FormatString ...\Url@String \UrlRight \m@th $
                                                  
\Url@z ...rcent \Url@HyperHook {\Url@FormatString 
                                                  }\endgroup 
\hyper@linkurl ...elax \Hy@colorlink \@urlcolor #1
                                                  \Hy@xspace@end \close@pdfl...
<argument> ...lsep {\fill }}r}\@phone & \@webpage 
                                                  \end {tabular*}\par \noint...

\@secondoftwo #1#2->#2
                      
\HyOrg@maketitle ... \nointerlineskip \noindent }}
                                                  \ifthenelse {\equal {\@str...

\reserved@c ->\HyOrg@maketitle 
                               \Hy@maketitle@end 
<to be read again> 
                   \par 
l.25 
     
Somewhere in the math formula just ended, you used the
stated character from an undefined font family. For example,
plain TeX doesn't allow \it or \sl in subscripts. Proceed,
and I'll try to forget that I needed that character.

! \textfont 0 is undefined (character r).
\Url@FormatString ...\Url@String \UrlRight \m@th $
                                                  
\Url@z ...rcent \Url@HyperHook {\Url@FormatString 
                                                  }\endgroup 
\hyper@linkurl ...elax \Hy@colorlink \@urlcolor #1
                                                  \Hy@xspace@end \close@pdfl...
<argument> ...lsep {\fill }}r}\@phone & \@webpage 
                                                  \end {tabular*}\par \noint...

\@secondoftwo #1#2->#2
                      
\HyOrg@maketitle ... \nointerlineskip \noindent }}
                                                  \ifthenelse {\equal {\@str...

\reserved@c ->\HyOrg@maketitle 
                               \Hy@maketitle@end 
<to be read again> 
                   \par 
l.25 
     
Somewhere in the math formula just ended, you used the
stated character from an undefined font family. For example,
plain TeX doesn't allow \it or \sl in subscripts. Proceed,
and I'll try to forget that I needed that character.

! \textfont 0 is undefined (character s).
\Url@FormatString ...\Url@String \UrlRight \m@th $
                                                  
\Url@z ...rcent \Url@HyperHook {\Url@FormatString 
                                                  }\endgroup 
\hyper@linkurl ...elax \Hy@colorlink \@urlcolor #1
                                                  \Hy@xspace@end \close@pdfl...
<argument> ...lsep {\fill }}r}\@phone & \@webpage 
                                                  \end {tabular*}\par \noint...

\@secondoftwo #1#2->#2
                      
\HyOrg@maketitle ... \nointerlineskip \noindent }}
                                                  \ifthenelse {\equal {\@str...

\reserved@c ->\HyOrg@maketitle 
                               \Hy@maketitle@end 
<to be read again> 
                   \par 
l.25 
     
Somewhere in the math formula just ended, you used the
stated character from an undefined font family. For example,
plain TeX doesn't allow \it or \sl in subscripts. Proceed,
and I'll try to forget that I needed that character.

! \textfont 0 is undefined (character .).
\Url@FormatString ...\Url@String \UrlRight \m@th $
                                                  
\Url@z ...rcent \Url@HyperHook {\Url@FormatString 
                                                  }\endgroup 
\hyper@linkurl ...elax \Hy@colorlink \@urlcolor #1
                                                  \Hy@xspace@end \close@pdfl...
<argument> ...lsep {\fill }}r}\@phone & \@webpage 
                                                  \end {tabular*}\par \noint...

\@secondoftwo #1#2->#2
                      
\HyOrg@maketitle ... \nointerlineskip \noindent }}
                                                  \ifthenelse {\equal {\@str...

\reserved@c ->\HyOrg@maketitle 
                               \Hy@maketitle@end 
<to be read again> 
                   \par 
l.25 
     
Somewhere in the math formula just ended, you used the
stated character from an undefined font family. For example,
plain TeX doesn't allow \it or \sl in subscripts. Proceed,
and I'll try to forget that I needed that character.

! \textfont 0 is undefined (character g).
\Url@FormatString ...\Url@String \UrlRight \m@th $
                                                  
\Url@z ...rcent \Url@HyperHook {\Url@FormatString 
                                                  }\endgroup 
\hyper@linkurl ...elax \Hy@colorlink \@urlcolor #1
                                                  \Hy@xspace@end \close@pdfl...
<argument> ...lsep {\fill }}r}\@phone & \@webpage 
                                                  \end {tabular*}\par \noint...

\@secondoftwo #1#2->#2
                      
\HyOrg@maketitle ... \nointerlineskip \noindent }}
                                                  \ifthenelse {\equal {\@str...

\reserved@c ->\HyOrg@maketitle 
                               \Hy@maketitle@end 
<to be read again> 
                   \par 
l.25 
     
Somewhere in the math formula just ended, you used the
stated character from an undefined font family. For example,
plain TeX doesn't allow \it or \sl in subscripts. Proceed,
and I'll try to forget that I needed that character.

! \textfont 0 is undefined (character i).
\Url@FormatString ...\Url@String \UrlRight \m@th $
                                                  
\Url@z ...rcent \Url@HyperHook {\Url@FormatString 
                                                  }\endgroup 
\hyper@linkurl ...elax \Hy@colorlink \@urlcolor #1
                                                  \Hy@xspace@end \close@pdfl...
<argument> ...lsep {\fill }}r}\@phone & \@webpage 
                                                  \end {tabular*}\par \noint...

\@secondoftwo #1#2->#2
                      
\HyOrg@maketitle ... \nointerlineskip \noindent }}
                                                  \ifthenelse {\equal {\@str...

\reserved@c ->\HyOrg@maketitle 
                               \Hy@maketitle@end 
<to be read again> 
                   \par 
l.25 
     
Somewhere in the math formula just ended, you used the
stated character from an undefined font family. For example,
plain TeX doesn't allow \it or \sl in subscripts. Proceed,
and I'll try to forget that I needed that character.

! \textfont 0 is undefined (character t).
\Url@FormatString ...\Url@String \UrlRight \m@th $
                                                  
\Url@z ...rcent \Url@HyperHook {\Url@FormatString 
                                                  }\endgroup 
\hyper@linkurl ...elax \Hy@colorlink \@urlcolor #1
                                                  \Hy@xspace@end \close@pdfl...
<argument> ...lsep {\fill }}r}\@phone & \@webpage 
                                                  \end {tabular*}\par \noint...

\@secondoftwo #1#2->#2
                      
\HyOrg@maketitle ... \nointerlineskip \noindent }}
                                                  \ifthenelse {\equal {\@str...

\reserved@c ->\HyOrg@maketitle 
                               \Hy@maketitle@end 
<to be read again> 
                   \par 
l.25 
     
Somewhere in the math formula just ended, you used the
stated character from an undefined font family. For example,
plain TeX doesn't allow \it or \sl in subscripts. Proceed,
and I'll try to forget that I needed that character.

! \textfont 0 is undefined (character h).
\Url@FormatString ...\Url@String \UrlRight \m@th $
                                                  
\Url@z ...rcent \Url@HyperHook {\Url@FormatString 
                                                  }\endgroup 
\hyper@linkurl ...elax \Hy@colorlink \@urlcolor #1
                                                  \Hy@xspace@end \close@pdfl...
<argument> ...lsep {\fill }}r}\@phone & \@webpage 
                                                  \end {tabular*}\par \noint...

\@secondoftwo #1#2->#2
                      
\HyOrg@maketitle ... \nointerlineskip \noindent }}
                                                  \ifthenelse {\equal {\@str...

\reserved@c ->\HyOrg@maketitle 
                               \Hy@maketitle@end 
<to be read again> 
                   \par 
l.25 
     
Somewhere in the math formula just ended, you used the
stated character from an undefined font family. For example,
plain TeX doesn't allow \it or \sl in subscripts. Proceed,
and I'll try to forget that I needed that character.

! \textfont 0 is undefined (character u).
\Url@FormatString ...\Url@String \UrlRight \m@th $
                                                  
\Url@z ...rcent \Url@HyperHook {\Url@FormatString 
                                                  }\endgroup 
\hyper@linkurl ...elax \Hy@colorlink \@urlcolor #1
                                                  \Hy@xspace@end \close@pdfl...
<argument> ...lsep {\fill }}r}\@phone & \@webpage 
                                                  \end {tabular*}\par \noint...

\@secondoftwo #1#2->#2
                      
\HyOrg@maketitle ... \nointerlineskip \noindent }}
                                                  \ifthenelse {\equal {\@str...

\reserved@c ->\HyOrg@maketitle 
                               \Hy@maketitle@end 
<to be read again> 
                   \par 
l.25 
     
Somewhere in the math formula just ended, you used the
stated character from an undefined font family. For example,
plain TeX doesn't allow \it or \sl in subscripts. Proceed,
and I'll try to forget that I needed that character.

! \textfont 0 is undefined (character b).
\Url@FormatString ...\Url@String \UrlRight \m@th $
                                                  
\Url@z ...rcent \Url@HyperHook {\Url@FormatString 
                                                  }\endgroup 
\hyper@linkurl ...elax \Hy@colorlink \@urlcolor #1
                                                  \Hy@xspace@end \close@pdfl...
<argument> ...lsep {\fill }}r}\@phone & \@webpage 
                                                  \end {tabular*}\par \noint...

\@secondoftwo #1#2->#2
                      
\HyOrg@maketitle ... \nointerlineskip \noindent }}
                                                  \ifthenelse {\equal {\@str...

\reserved@c ->\HyOrg@maketitle 
                               \Hy@maketitle@end 
<to be read again> 
                   \par 
l.25 
     
Somewhere in the math formula just ended, you used the
stated character from an undefined font family. For example,
plain TeX doesn't allow \it or \sl in subscripts. Proceed,
and I'll try to forget that I needed that character.

! \textfont 0 is undefined (character .).
\Url@FormatString ...\Url@String \UrlRight \m@th $
                                                  
\Url@z ...rcent \Url@HyperHook {\Url@FormatString 
                                                  }\endgroup 
\hyper@linkurl ...elax \Hy@colorlink \@urlcolor #1
                                                  \Hy@xspace@end \close@pdfl...
<argument> ...lsep {\fill }}r}\@phone & \@webpage 
                                                  \end {tabular*}\par \noint...

\@secondoftwo #1#2->#2
                      
\HyOrg@maketitle ... \nointerlineskip \noindent }}
                                                  \ifthenelse {\equal {\@str...

\reserved@c ->\HyOrg@maketitle 
                               \Hy@maketitle@end 
<to be read again> 
                   \par 
l.25 
     
Somewhere in the math formula just ended, you used the
stated character from an undefined font family. For example,
plain TeX doesn't allow \it or \sl in subscripts. Proceed,
and I'll try to forget that I needed that character.

! \textfont 0 is undefined (character i).
\Url@FormatString ...\Url@String \UrlRight \m@th $
                                                  
\Url@z ...rcent \Url@HyperHook {\Url@FormatString 
                                                  }\endgroup 
\hyper@linkurl ...elax \Hy@colorlink \@urlcolor #1
                                                  \Hy@xspace@end \close@pdfl...
<argument> ...lsep {\fill }}r}\@phone & \@webpage 
                                                  \end {tabular*}\par \noint...

\@secondoftwo #1#2->#2
                      
\HyOrg@maketitle ... \nointerlineskip \noindent }}
                                                  \ifthenelse {\equal {\@str...

\reserved@c ->\HyOrg@maketitle 
                               \Hy@maketitle@end 
<to be read again> 
                   \par 
l.25 
     
Somewhere in the math formula just ended, you used the
stated character from an undefined font family. For example,
plain TeX doesn't allow \it or \sl in subscripts. Proceed,
and I'll try to forget that I needed that character.

! \textfont 0 is undefined (character o).
\Url@FormatString ...\Url@String \UrlRight \m@th $
                                                  
\Url@z ...rcent \Url@HyperHook {\Url@FormatString 
                                                  }\endgroup 
\hyper@linkurl ...elax \Hy@colorlink \@urlcolor #1
                                                  \Hy@xspace@end \close@pdfl...
<argument> ...lsep {\fill }}r}\@phone & \@webpage 
                                                  \end {tabular*}\par \noint...

\@secondoftwo #1#2->#2
                      
\HyOrg@maketitle ... \nointerlineskip \noindent }}
                                                  \ifthenelse {\equal {\@str...

\reserved@c ->\HyOrg@maketitle 
                               \Hy@maketitle@end 
<to be read again> 
                   \par 
l.25 
     
Somewhere in the math formula just ended, you used the
stated character from an undefined font family. For example,
plain TeX doesn't allow \it or \sl in subscripts. Proceed,
and I'll try to forget that I needed that character.

LaTeX Font Info:    Font shape `T1/ptm/bx/sc' in size <10> not available
(Font)              Font shape `T1/ptm/b/sc' tried instead on input line 26.
LaTeX Font Info:    Font shape `T1/ptm/bx/sc' in size <12> not available
(Font)              Font shape `T1/ptm/b/sc' tried instead on input line 26.

! LaTeX Error: Environment compactitem undefined.

See the LaTeX manual or LaTeX Companion for explanation.
Type  H <return>  for immediate help.
 ...                                              
                                                  
\GenericError  ...                                
                                                  \endgroup 
l.29 \begin{compactitem}
                        
Your command was ignored.
Type  I <command> <return>  to replace it with another command,
or  <return>  to continue without it.


! LaTeX Error: Lonely \item--perhaps a missing list environment.

See the LaTeX manual or LaTeX Companion for explanation.
Type  H <return>  for immediate help.
 ...                                              
                                                  
\GenericError  ...                                
                                                  \endgroup 
\sbox #1#2->\setbox #1\hbox {\color@setgroup #2
                                               \color@endgroup }
\@item ...i \fi \sbox \@tempboxa {\makelabel {#1}}
                                                  \global \setbox \@labels \...
<to be read again> 
                   S
l.30 \item S
            cala developer, working with Cassandra, Couchbase, Akka, etc
Try typing  <return>  to proceed.
If that doesn't work, type  X <return>  to quit.


Underfull \hbox (badness 10000) detected at line 30
[][]
 []


! LaTeX Error: \begin{document} ended by \end{compactitem}.

See the LaTeX manual or LaTeX Companion for explanation.
Type  H <return>  for immediate help.
 ...                                              
                                                  
\GenericError  ...                                
                                                  \endgroup 
\@checkend ...ed@a \@currenvir \else \@badend {#1}
                                                  \fi 
\end #1->\csname end#1\endcsname \@checkend {#1}
                                                \expandafter \endgroup \if@e...
l.31 \end{compactitem}
                      
Your command was ignored.
Type  I <command> <return>  to replace it with another command,
or  <return>  to continue without it.


! LaTeX Error: Environment compactitem undefined.

See the LaTeX manual or LaTeX Companion for explanation.
Type  H <return>  for immediate help.
 ...                                              
                                                  
\GenericError  ...                                
                                                  \endgroup 
l.36 \begin{compactitem}
                        
Your command was ignored.
Type  I <command> <return>  to replace it with another command,
or  <return>  to continue without it.


! LaTeX Error: Lonely \item--perhaps a missing list environment.

See the LaTeX manual or LaTeX Companion for explanation.
Type  H <return>  for immediate help.
 ...                                              
                                                  
\GenericError  ...                                
                                                  \endgroup 
\sbox #1#2->\setbox #1\hbox {\color@setgroup #2
                                               \color@endgroup }
\@item ...i \fi \sbox \@tempboxa {\makelabel {#1}}
                                                  \global \setbox \@labels \...
<to be read again> 
                   D
l.37 \item D
            eveloped curriculum. Wrote and presented lectures. Provided one-...

Try typing  <return>  to proceed.
If that doesn't work, type  X <return>  to quit.


Underfull \hbox (badness 10000) detected at line 37
[][]
 []


! LaTeX Error: \begin{document} ended by \end{compactitem}.

See the LaTeX manual or LaTeX Companion for explanation.
Type  H <return>  for immediate help.
 ...                                              
                                                  
\GenericError  ...                                
                                                  \endgroup 
\@checkend ...ed@a \@currenvir \else \@badend {#1}
                                                  \fi 
\end #1->\csname end#1\endcsname \@checkend {#1}
                                                \expandafter \endgroup \if@e...
l.39 \end{compactitem}
                      
Your command was ignored.
Type  I <command> <return>  to replace it with another command,
or  <return>  to continue without it.


! LaTeX Error: Environment compactitem undefined.

See the LaTeX manual or LaTeX Companion for explanation.
Type  H <return>  for immediate help.
 ...                                              
                                                  
\GenericError  ...                                
                                                  \endgroup 
l.46 \begin{compactitem}
                        
Your command was ignored.
Type  I <command> <return>  to replace it with another command,
or  <return>  to continue without it.


! LaTeX Error: Lonely \item--perhaps a missing list environment.

See the LaTeX manual or LaTeX Companion for explanation.
Type  H <return>  for immediate help.
 ...                                              
                                                  
\GenericError  ...                                
                                                  \endgroup 
\sbox #1#2->\setbox #1\hbox {\color@setgroup #2
                                               \color@endgroup }
\@item ...i \fi \sbox \@tempboxa {\makelabel {#1}}
                                                  \global \setbox \@labels \...
<to be read again> 
                   U
l.47 \item U
            ndergraduate coursework: Algorithms, operating systems, AI, algo...

Try typing  <return>  to proceed.
If that doesn't work, type  X <return>  to quit.


Underfull \hbox (badness 10000) detected at line 47
[][]
 []


! LaTeX Error: Lonely \item--perhaps a missing list environment.

See the LaTeX manual or LaTeX Companion for explanation.
Type  H <return>  for immediate help.
 ...                                              
                                                  
\GenericError  ...                                
                                                  \endgroup 
\sbox #1#2->\setbox #1\hbox {\color@setgroup #2
                                               \color@endgroup }
\@item ...i \fi \sbox \@tempboxa {\makelabel {#1}}
                                                  \global \setbox \@labels \...
<to be read again> 
                   D
l.48 \item D
            irector and presenter at CompCon, an inaugural Australian underg...

Try typing  <return>  to proceed.
If that doesn't work, type  X <return>  to quit.


Underfull \hbox (badness 10000) detected at line 48
[][]
 []


! LaTeX Error: Lonely \item--perhaps a missing list environment.

See the LaTeX manual or LaTeX Companion for explanation.
Type  H <return>  for immediate help.
 ...                                              
                                                  
\GenericError  ...                                
                                                  \endgroup 
\sbox #1#2->\setbox #1\hbox {\color@setgroup #2
                                               \color@endgroup }
\@item ...i \fi \sbox \@tempboxa {\makelabel {#1}}
                                                  \global \setbox \@labels \...
<to be read again> 
                   C
l.49 \item C
            ompleted two research projects and a variety of advanced undergr...

Try typing  <return>  to proceed.
If that doesn't work, type  X <return>  to quit.


Underfull \hbox (badness 10000) detected at line 49
[][]
 []


! LaTeX Error: \begin{document} ended by \end{compactitem}.

See the LaTeX manual or LaTeX Companion for explanation.
Type  H <return>  for immediate help.
 ...                                              
                                                  
\GenericError  ...                                
                                                  \endgroup 
\@checkend ...ed@a \@currenvir \else \@badend {#1}
                                                  \fi 
\end #1->\csname end#1\endcsname \@checkend {#1}
                                                \expandafter \endgroup \if@e...
l.50 \end{compactitem}
                      
Your command was ignored.
Type  I <command> <return>  to replace it with another command,
or  <return>  to continue without it.


Underfull \hbox (badness 4328) in paragraph at lines 55--55
[]|\T1/ptm/b/n/10 Ruining the cod-ing in-ter-view (github.com/bshlgrs/ruining-t
he-coding-
 []


! LaTeX Error: Environment compactitem undefined.

See the LaTeX manual or LaTeX Companion for explanation.
Type  H <return>  for immediate help.
 ...                                              
                                                  
\GenericError  ...                                
                                                  \endgroup 
l.56 \begin{compactitem}
                        
Your command was ignored.
Type  I <command> <return>  to replace it with another command,
or  <return>  to continue without it.


! LaTeX Error: Lonely \item--perhaps a missing list environment.

See the LaTeX manual or LaTeX Companion for explanation.
Type  H <return>  for immediate help.
 ...                                              
                                                  
\GenericError  ...                                
                                                  \endgroup 
\sbox #1#2->\setbox #1\hbox {\color@setgroup #2
                                               \color@endgroup }
\@item ...i \fi \sbox \@tempboxa {\makelabel {#1}}
                                                  \global \setbox \@labels \...
<to be read again> 
                   P
l.57 \item P
            ersonal project to make a new kind of optimizing compiler, which...

Try typing  <return>  to proceed.
If that doesn't work, type  X <return>  to quit.


Underfull \hbox (badness 10000) detected at line 57
[][]
 []


! LaTeX Error: Lonely \item--perhaps a missing list environment.

See the LaTeX manual or LaTeX Companion for explanation.
Type  H <return>  for immediate help.
 ...                                              
                                                  
\GenericError  ...                                
                                                  \endgroup 
\sbox #1#2->\setbox #1\hbox {\color@setgroup #2
                                               \color@endgroup }
\@item ...i \fi \sbox \@tempboxa {\makelabel {#1}}
                                                  \global \setbox \@labels \...
<to be read again> 
                   P
l.58 \item P
            resented at Scala By The Bay 2015 (https://www.youtube.com/watch...

Try typing  <return>  to proceed.
If that doesn't work, type  X <return>  to quit.


Underfull \hbox (badness 10000) detected at line 58
[][]
 []


! LaTeX Error: Lonely \item--perhaps a missing list environment.

See the LaTeX manual or LaTeX Companion for explanation.
Type  H <return>  for immediate help.
 ...                                              
                                                  
\GenericError  ...                                
                                                  \endgroup 
\sbox #1#2->\setbox #1\hbox {\color@setgroup #2
                                               \color@endgroup }
\@item ...i \fi \sbox \@tempboxa {\makelabel {#1}}
                                                  \global \setbox \@labels \...
<to be read again> 
                   W
l.59 \item W
            ritten in functional Scala
Try typing  <return>  to proceed.
If that doesn't work, type  X <return>  to quit.


Underfull \hbox (badness 10000) detected at line 59
[][]
 []


! LaTeX Error: \begin{document} ended by \end{compactitem}.

See the LaTeX manual or LaTeX Companion for explanation.
Type  H <return>  for immediate help.
 ...                                              
                                                  
\GenericError  ...                                
                                                  \endgroup 
\@checkend ...ed@a \@currenvir \else \@badend {#1}
                                                  \fi 
\end #1->\csname end#1\endcsname \@checkend {#1}
                                                \expandafter \endgroup \if@e...
l.60 \end{compactitem}
                      
Your command was ignored.
Type  I <command> <return>  to replace it with another command,
or  <return>  to continue without it.


! LaTeX Error: Environment compactitem undefined.

See the LaTeX manual or LaTeX Companion for explanation.
Type  H <return>  for immediate help.
 ...                                              
                                                  
\GenericError  ...                                
                                                  \endgroup 
l.64 \begin{compactitem}
                        
Your command was ignored.
Type  I <command> <return>  to replace it with another command,
or  <return>  to continue without it.


! LaTeX Error: Lonely \item--perhaps a missing list environment.

See the LaTeX manual or LaTeX Companion for explanation.
Type  H <return>  for immediate help.
 ...                                              
                                                  
\GenericError  ...                                
                                                  \endgroup 
\sbox #1#2->\setbox #1\hbox {\color@setgroup #2
                                               \color@endgroup }
\@item ...i \fi \sbox \@tempboxa {\makelabel {#1}}
                                                  \global \setbox \@labels \...
<to be read again> 
                   C
l.65 \item C
            ompiler from a subset of C including pointer arithmetic to a RIS...

Try typing  <return>  to proceed.
If that doesn't work, type  X <return>  to quit.


Underfull \hbox (badness 10000) detected at line 65
[][]
 []


! LaTeX Error: Lonely \item--perhaps a missing list environment.

See the LaTeX manual or LaTeX Companion for explanation.
Type  H <return>  for immediate help.
 ...                                              
                                                  
\GenericError  ...                                
                                                  \endgroup 
\sbox #1#2->\setbox #1\hbox {\color@setgroup #2
                                               \color@endgroup }
\@item ...i \fi \sbox \@tempboxa {\makelabel {#1}}
                                                  \global \setbox \@labels \...
<to be read again> 
                   C
l.66 \item C
            urrently partially deployed to the web as ScalaJS.
Try typing  <return>  to proceed.
If that doesn't work, type  X <return>  to quit.


Underfull \hbox (badness 10000) detected at line 66
[][]
 []


! LaTeX Error: \begin{document} ended by \end{compactitem}.

See the LaTeX manual or LaTeX Companion for explanation.
Type  H <return>  for immediate help.
 ...                                              
                                                  
\GenericError  ...                                
                                                  \endgroup 
\@checkend ...ed@a \@currenvir \else \@badend {#1}
                                                  \fi 
\end #1->\csname end#1\endcsname \@checkend {#1}
                                                \expandafter \endgroup \if@e...
l.67 \end{compactitem}
                      
Your command was ignored.
Type  I <command> <return>  to replace it with another command,
or  <return>  to continue without it.


! LaTeX Error: Environment compactitem undefined.

See the LaTeX manual or LaTeX Companion for explanation.
Type  H <return>  for immediate help.
 ...                                              
                                                  
\GenericError  ...                                
                                                  \endgroup 
l.71 \begin{compactitem}
                        
Your command was ignored.
Type  I <command> <return>  to replace it with another command,
or  <return>  to continue without it.


! LaTeX Error: Lonely \item--perhaps a missing list environment.

See the LaTeX manual or LaTeX Companion for explanation.
Type  H <return>  for immediate help.
 ...                                              
                                                  
\GenericError  ...                                
                                                  \endgroup 
\sbox #1#2->\setbox #1\hbox {\color@setgroup #2
                                               \color@endgroup }
\@item ...i \fi \sbox \@tempboxa {\makelabel {#1}}
                                                  \global \setbox \@labels \...
<to be read again> 
                   S
l.72 \item S
            oftware for manipulation of equations in physics. Like Mathemati...

Try typing  <return>  to proceed.
If that doesn't work, type  X <return>  to quit.


Underfull \hbox (badness 10000) detected at line 72
[][]
 []


! LaTeX Error: Lonely \item--perhaps a missing list environment.

See the LaTeX manual or LaTeX Companion for explanation.
Type  H <return>  for immediate help.
 ...                                              
                                                  
\GenericError  ...                                
                                                  \endgroup 
\sbox #1#2->\setbox #1\hbox {\color@setgroup #2
                                               \color@endgroup }
\@item ...i \fi \sbox \@tempboxa {\makelabel {#1}}
                                                  \global \setbox \@labels \...
<to be read again> 
                   U
l.73 \item U
            sed Python, Sympy, Tkinter.
Try typing  <return>  to proceed.
If that doesn't work, type  X <return>  to quit.


Underfull \hbox (badness 10000) detected at line 73
[][]
 []


! LaTeX Error: Lonely \item--perhaps a missing list environment.

See the LaTeX manual or LaTeX Companion for explanation.
Type  H <return>  for immediate help.
 ...                                              
                                                  
\GenericError  ...                                
                                                  \endgroup 
\sbox #1#2->\setbox #1\hbox {\color@setgroup #2
                                               \color@endgroup }
\@item ...i \fi \sbox \@tempboxa {\makelabel {#1}}
                                                  \global \setbox \@labels \...
<to be read again> 
                   D
l.74 \item D
            eveloped software from conception to prototype to user studies w...

Try typing  <return>  to proceed.
If that doesn't work, type  X <return>  to quit.


Underfull \hbox (badness 10000) detected at line 74
[][]
 []


! LaTeX Error: Lonely \item--perhaps a missing list environment.

See the LaTeX manual or LaTeX Companion for explanation.
Type  H <return>  for immediate help.
 ...                                              
                                                  
\GenericError  ...                                
                                                  \endgroup 
\sbox #1#2->\setbox #1\hbox {\color@setgroup #2
                                               \color@endgroup }
\@item ...i \fi \sbox \@tempboxa {\makelabel {#1}}
                                                  \global \setbox \@labels \...
<to be read again> 
                   A
l.75 \item A
            ll eleven subjects thought the software let them work faster tha...

Try typing  <return>  to proceed.
If that doesn't work, type  X <return>  to quit.


Underfull \hbox (badness 10000) detected at line 75
[][]
 []


! LaTeX Error: \begin{document} ended by \end{compactitem}.

See the LaTeX manual or LaTeX Companion for explanation.
Type  H <return>  for immediate help.
 ...                                              
                                                  
\GenericError  ...                                
                                                  \endgroup 
\@checkend ...ed@a \@currenvir \else \@badend {#1}
                                                  \fi 
\end #1->\csname end#1\endcsname \@checkend {#1}
                                                \expandafter \endgroup \if@e...
l.76 \end{compactitem}
                      
Your command was ignored.
Type  I <command> <return>  to replace it with another command,
or  <return>  to continue without it.


Overfull \hbox (5.01064pt too wide) in paragraph at lines 80--82
[]\T1/ptm/m/it/10 General: \T1/ptm/m/n/10 Ma-chine learn-ing, deep learn-ing, a
l-go-rithms, op-er-at-ing sys-tems, com-puter sys-tems, C/C++/Java.
 []


Underfull \hbox (badness 10000) in paragraph at lines 80--82

 []

 [1

{/usr/local/texlive/2014basic/texmf-var/fonts/map/pdftex/updmap/pdftex.map}]
Package atveryend Info: Empty hook `BeforeClearDocument' on input line 84.
Package atveryend Info: Empty hook `AfterLastShipout' on input line 84.
 (./resume.aux)
Package atveryend Info: Executing hook `AtVeryEndDocument' on input line 84.
Package atveryend Info: Executing hook `AtEndAfterFileList' on input line 84.
Package rerunfilecheck Info: File `resume.out' has not changed.
(rerunfilecheck)             Checksum: D41D8CD98F00B204E9800998ECF8427E;0.
Package atveryend Info: Empty hook `AtVeryVeryEnd' on input line 84.
 ) 
Here is how much of TeX's memory you used:
 13435 strings out of 494522
 243148 string characters out of 6167205
 309418 words of memory out of 5000000
 16454 multiletter control sequences out of 15000+600000
 31613 words of font info for 38 fonts, out of 8000000 for 9000
 319 hyphenation exceptions out of 8191
 55i,9n,50p,412b,318s stack positions out of 5000i,500n,10000p,200000b,80000s
{/usr/local/texlive/2014basic/texmf-dist/fonts/enc/dvips/base/8r.enc}</usr/lo
cal/texlive/2014basic/texmf-dist/fonts/type1/urw/times/utmb8a.pfb></usr/local/t
exlive/2014basic/texmf-dist/fonts/type1/urw/times/utmr8a.pfb></usr/local/texliv
e/2014basic/texmf-dist/fonts/type1/urw/times/utmri8a.pfb>
Output written on resume.pdf (1 page, 47273 bytes).
PDF statistics:
 43 PDF objects out of 1000 (max. 8388607)
 30 compressed objects within 1 object stream
 2 named destinations out of 1000 (max. 500000)
 49 words of extra memory for PDF output out of 10000 (max. 10000000)

